2022.05.30 10:50:44 INFO  es[][o.e.n.Node] JVM home [/usr/lib/jvm/java-11-openjdk-amd64]
2022.05.30 10:50:44 INFO  es[][o.e.n.Node] JVM arguments [-XX:+UseConcMarkSweepGC, -XX:CMSInitiatingOccupancyFraction=75, -XX:+UseCMSInitiatingOccupancyOnly, -Djava.io.tmpdir=/home/sakthignanavel/Documents/MATCWorkSpace/MatcAssessmentProject/sonarqube-9.0.1.46107/temp, -XX:ErrorFile=../logs/es_hs_err_pid%p.log, -Des.networkaddress.cache.ttl=60, -Des.networkaddress.cache.negative.ttl=10, -XX:+AlwaysPreTouch, -Xss1m, -Djava.awt.headless=true, -Dfile.encoding=UTF-8, -Djna.nosys=true, -XX:-OmitStackTraceInFastThrow, -Dio.netty.noUnsafe=true, -Dio.netty.noKeySetOptimization=true, -Dio.netty.recycler.maxCapacityPerThread=0, -Dio.netty.allocator.numDirectArenas=0, -Dlog4j.shutdownHookEnabled=false, -Dlog4j2.disable.jmx=true, -Djava.locale.providers=COMPAT, -Xmx512m, -Xms512m, -XX:MaxDirectMemorySize=256m, -XX:+HeapDumpOnOutOfMemoryError, -Des.path.home=/home/sakthignanavel/Documents/MATCWorkSpace/MatcAssessmentProject/sonarqube-9.0.1.46107/elasticsearch, -Des.path.conf=/home/sakthignanavel/Documents/MATCWorkSpace/MatcAssessmentProject/sonarqube-9.0.1.46107/temp/conf/es, -Des.distribution.flavor=default, -Des.distribution.type=tar, -Des.bundled_jdk=false]
2022.05.30 10:50:45 INFO  es[][o.e.p.PluginsService] loaded module [analysis-common]
2022.05.30 10:50:45 INFO  es[][o.e.p.PluginsService] loaded module [lang-painless]
2022.05.30 10:50:45 INFO  es[][o.e.p.PluginsService] loaded module [parent-join]
2022.05.30 10:50:45 INFO  es[][o.e.p.PluginsService] loaded module [percolator]
2022.05.30 10:50:45 INFO  es[][o.e.p.PluginsService] loaded module [transport-netty4]
2022.05.30 10:50:45 INFO  es[][o.e.p.PluginsService] no plugins loaded
2022.05.30 10:50:45 INFO  es[][o.e.e.NodeEnvironment] using [1] data paths, mounts [[/ (/dev/sda2)]], net usable_space [134.2gb], net total_space [233.2gb], types [ext4]
2022.05.30 10:50:45 INFO  es[][o.e.e.NodeEnvironment] heap size [494.9mb], compressed ordinary object pointers [true]
2022.05.30 10:50:45 INFO  es[][o.e.n.Node] node name [sonarqube], node ID [hcC01bGFTo2_u42bJhsJ-w], cluster name [sonarqube], roles [master, remote_cluster_client, data, ingest]
2022.05.30 10:50:48 INFO  es[][o.e.t.NettyAllocator] creating NettyAllocator with the following configs: [name=unpooled, suggested_max_allocation_size=1mb, factors={es.unsafe.use_unpooled_allocator=null, g1gc_enabled=false, g1gc_region_size=0b, heap_size=494.9mb}]
2022.05.30 10:50:48 INFO  es[][o.e.d.DiscoveryModule] using discovery type [zen] and seed hosts providers [settings]
2022.05.30 10:50:49 INFO  es[][o.e.g.DanglingIndicesState] gateway.auto_import_dangling_indices is disabled, dangling indices will not be automatically detected or imported and must be managed manually
2022.05.30 10:50:49 INFO  es[][o.e.n.Node] initialized
2022.05.30 10:50:49 INFO  es[][o.e.n.Node] starting ...
2022.05.30 10:50:49 INFO  es[][o.e.t.TransportService] publish_address {127.0.0.1:36129}, bound_addresses {127.0.0.1:36129}
2022.05.30 10:50:50 WARN  es[][o.e.b.BootstrapChecks] max virtual memory areas vm.max_map_count [65530] is too low, increase to at least [262144]
2022.05.30 10:50:50 INFO  es[][o.e.c.c.Coordinator] setting initial configuration to VotingConfiguration{hcC01bGFTo2_u42bJhsJ-w}
2022.05.30 10:50:50 INFO  es[][o.e.c.s.MasterService] elected-as-master ([1] nodes joined)[{sonarqube}{hcC01bGFTo2_u42bJhsJ-w}{de3dwVheT6ig9lO_JB7BVA}{127.0.0.1}{127.0.0.1:36129}{dimr}{rack_id=sonarqube} elect leader, _BECOME_MASTER_TASK_, _FINISH_ELECTION_], term: 1, version: 1, delta: master node changed {previous [], current [{sonarqube}{hcC01bGFTo2_u42bJhsJ-w}{de3dwVheT6ig9lO_JB7BVA}{127.0.0.1}{127.0.0.1:36129}{dimr}{rack_id=sonarqube}]}
2022.05.30 10:50:50 INFO  es[][o.e.c.c.CoordinationState] cluster UUID set to [Wc8K6HkNTb6Oipf4OO_uZw]
2022.05.30 10:50:50 INFO  es[][o.e.c.s.ClusterApplierService] master node changed {previous [], current [{sonarqube}{hcC01bGFTo2_u42bJhsJ-w}{de3dwVheT6ig9lO_JB7BVA}{127.0.0.1}{127.0.0.1:36129}{dimr}{rack_id=sonarqube}]}, term: 1, version: 1, reason: Publication{term=1, version=1}
2022.05.30 10:50:50 INFO  es[][o.e.h.AbstractHttpServerTransport] publish_address {127.0.0.1:9001}, bound_addresses {127.0.0.1:9001}
2022.05.30 10:50:50 INFO  es[][o.e.n.Node] started
2022.05.30 10:50:50 INFO  es[][o.e.g.GatewayService] recovered [0] indices into cluster_state
2022.05.30 10:51:00 INFO  es[][o.e.c.m.MetadataCreateIndexService] [metadatas] creating index, cause [api], templates [], shards [1]/[0]
2022.05.30 10:51:01 INFO  es[][o.e.c.r.a.AllocationService] Cluster health status changed from [YELLOW] to [GREEN] (reason: [shards started [[metadatas][0]]]).
2022.05.30 10:51:01 INFO  es[][o.e.c.m.MetadataMappingService] [metadatas/Z78Vd_0OQHq_mg82H5wHGQ] create_mapping [metadata]
2022.05.30 10:51:01 INFO  es[][o.e.c.m.MetadataCreateIndexService] [components] creating index, cause [api], templates [], shards [5]/[0]
2022.05.30 10:51:02 INFO  es[][o.e.c.r.a.AllocationService] Cluster health status changed from [YELLOW] to [GREEN] (reason: [shards started [[components][4]]]).
2022.05.30 10:51:02 INFO  es[][o.e.c.m.MetadataMappingService] [components/HmEw2QvLQVmZKjVCJPL8fw] create_mapping [auth]
2022.05.30 10:51:02 INFO  es[][o.e.c.m.MetadataCreateIndexService] [projectmeasures] creating index, cause [api], templates [], shards [5]/[0]
2022.05.30 10:51:02 INFO  es[][o.e.c.r.a.AllocationService] Cluster health status changed from [YELLOW] to [GREEN] (reason: [shards started [[projectmeasures][4]]]).
2022.05.30 10:51:02 INFO  es[][o.e.c.m.MetadataMappingService] [projectmeasures/OFO0pyZ9RyOzGRcrIluvxA] create_mapping [auth]
2022.05.30 10:51:02 INFO  es[][o.e.c.m.MetadataCreateIndexService] [rules] creating index, cause [api], templates [], shards [2]/[0]
2022.05.30 10:51:03 INFO  es[][o.e.c.r.a.AllocationService] Cluster health status changed from [YELLOW] to [GREEN] (reason: [shards started [[rules][0]]]).
2022.05.30 10:51:03 INFO  es[][o.e.c.m.MetadataMappingService] [rules/_OE9RJVGR7eQmqmeKQFFpA] create_mapping [rule]
2022.05.30 10:51:03 INFO  es[][o.e.c.m.MetadataCreateIndexService] [issues] creating index, cause [api], templates [], shards [5]/[0]
2022.05.30 10:51:03 INFO  es[][o.e.c.r.a.AllocationService] Cluster health status changed from [YELLOW] to [GREEN] (reason: [shards started [[issues][4]]]).
2022.05.30 10:51:03 INFO  es[][o.e.c.m.MetadataMappingService] [issues/E4ewEZdHS2W7NoZbXeYrAg] create_mapping [auth]
2022.05.30 10:51:03 INFO  es[][o.e.c.m.MetadataCreateIndexService] [users] creating index, cause [api], templates [], shards [1]/[0]
2022.05.30 10:51:03 INFO  es[][o.e.c.r.a.AllocationService] Cluster health status changed from [YELLOW] to [GREEN] (reason: [shards started [[users][0]]]).
2022.05.30 10:51:03 INFO  es[][o.e.c.m.MetadataMappingService] [users/Ma2M37frRjuqLaIssZN2xA] create_mapping [user]
2022.05.30 10:51:04 INFO  es[][o.e.c.m.MetadataCreateIndexService] [views] creating index, cause [api], templates [], shards [5]/[0]
2022.05.30 10:51:04 INFO  es[][o.e.c.r.a.AllocationService] Cluster health status changed from [YELLOW] to [GREEN] (reason: [shards started [[views][4]]]).
2022.05.30 10:51:04 INFO  es[][o.e.c.m.MetadataMappingService] [views/knjtkZk4QbCO0fFglvul9w] create_mapping [view]
2022.05.30 10:51:35 INFO  es[][o.e.c.s.IndexScopedSettings] updating [index.refresh_interval] from [30s] to [-1]
2022.05.30 10:51:35 INFO  es[][o.e.c.s.IndexScopedSettings] updating [index.refresh_interval] from [30s] to [-1]
2022.05.30 10:51:35 INFO  es[][o.e.c.s.IndexScopedSettings] updating [index.refresh_interval] from [-1] to [30s]
2022.05.30 10:51:35 INFO  es[][o.e.c.s.IndexScopedSettings] updating [index.refresh_interval] from [-1] to [30s]
2022.05.30 10:51:35 INFO  es[][o.e.c.s.IndexScopedSettings] updating [index.refresh_interval] from [30s] to [-1]
2022.05.30 10:51:35 INFO  es[][o.e.c.s.IndexScopedSettings] updating [index.refresh_interval] from [30s] to [-1]
2022.05.30 10:51:35 INFO  es[][o.e.c.s.IndexScopedSettings] updating [index.refresh_interval] from [-1] to [30s]
2022.05.30 10:51:35 INFO  es[][o.e.c.s.IndexScopedSettings] updating [index.refresh_interval] from [-1] to [30s]
