2022.05.27 12:10:14 INFO  web[][o.s.p.ProcessEntryPoint] Starting web
2022.05.27 12:10:15 ERROR web[][o.a.c.c.StandardService] Failed to initialize connector [Connector[HTTP/1.1-9000]]
org.apache.catalina.LifecycleException: Protocol handler initialization failed
	at org.apache.catalina.connector.Connector.initInternal(Connector.java:1077)
	at org.apache.catalina.util.LifecycleBase.init(LifecycleBase.java:136)
	at org.apache.catalina.core.StandardService.initInternal(StandardService.java:557)
	at org.apache.catalina.util.LifecycleBase.init(LifecycleBase.java:136)
	at org.apache.catalina.core.StandardServer.initInternal(StandardServer.java:850)
	at org.apache.catalina.util.LifecycleBase.init(LifecycleBase.java:136)
	at org.apache.catalina.util.LifecycleBase.start(LifecycleBase.java:173)
	at org.apache.catalina.startup.Tomcat.start(Tomcat.java:440)
	at org.sonar.server.app.EmbeddedTomcat.start(EmbeddedTomcat.java:72)
	at org.sonar.server.app.WebServer.start(WebServer.java:53)
	at org.sonar.process.ProcessEntryPoint.launch(ProcessEntryPoint.java:97)
	at org.sonar.process.ProcessEntryPoint.launch(ProcessEntryPoint.java:81)
	at org.sonar.server.app.WebServer.main(WebServer.java:102)
Caused by: java.net.BindException: Address already in use
	at java.base/sun.nio.ch.Net.bind0(Native Method)
	at java.base/sun.nio.ch.Net.bind(Net.java:459)
	at java.base/sun.nio.ch.Net.bind(Net.java:448)
	at java.base/sun.nio.ch.ServerSocketChannelImpl.bind(ServerSocketChannelImpl.java:227)
	at java.base/sun.nio.ch.ServerSocketAdaptor.bind(ServerSocketAdaptor.java:80)
	at org.apache.tomcat.util.net.NioEndpoint.bind(NioEndpoint.java:222)
	at org.apache.tomcat.util.net.AbstractEndpoint.init(AbstractEndpoint.java:1147)
	at org.apache.tomcat.util.net.AbstractJsseEndpoint.init(AbstractJsseEndpoint.java:222)
	at org.apache.coyote.AbstractProtocol.init(AbstractProtocol.java:599)
	at org.apache.coyote.http11.AbstractHttp11Protocol.init(AbstractHttp11Protocol.java:80)
	at org.apache.catalina.connector.Connector.initInternal(Connector.java:1074)
	... 12 common frames omitted
2022.05.27 12:10:15 ERROR web[][o.s.s.a.EmbeddedTomcat] Fail to start web server
org.apache.catalina.LifecycleException: Failed to initialize connector [Connector[HTTP/1.1-9000]]
	at org.apache.catalina.core.StandardService.initInternal(StandardService.java:564)
	at org.apache.catalina.util.LifecycleBase.init(LifecycleBase.java:136)
	at org.apache.catalina.core.StandardServer.initInternal(StandardServer.java:850)
	at org.apache.catalina.util.LifecycleBase.init(LifecycleBase.java:136)
	at org.apache.catalina.util.LifecycleBase.start(LifecycleBase.java:173)
	at org.apache.catalina.startup.Tomcat.start(Tomcat.java:440)
	at org.sonar.server.app.EmbeddedTomcat.start(EmbeddedTomcat.java:72)
	at org.sonar.server.app.WebServer.start(WebServer.java:53)
	at org.sonar.process.ProcessEntryPoint.launch(ProcessEntryPoint.java:97)
	at org.sonar.process.ProcessEntryPoint.launch(ProcessEntryPoint.java:81)
	at org.sonar.server.app.WebServer.main(WebServer.java:102)
2022.05.27 12:10:15 WARN  web[][o.s.p.ProcessEntryPoint] Fail to start web
java.lang.RuntimeException: org.apache.catalina.LifecycleException: Failed to initialize connector [Connector[HTTP/1.1-9000]]
	at com.google.common.base.Throwables.propagate(Throwables.java:241)
	at org.sonar.server.app.EmbeddedTomcat.start(EmbeddedTomcat.java:77)
	at org.sonar.server.app.WebServer.start(WebServer.java:53)
	at org.sonar.process.ProcessEntryPoint.launch(ProcessEntryPoint.java:97)
	at org.sonar.process.ProcessEntryPoint.launch(ProcessEntryPoint.java:81)
	at org.sonar.server.app.WebServer.main(WebServer.java:102)
Caused by: org.apache.catalina.LifecycleException: Failed to initialize connector [Connector[HTTP/1.1-9000]]
	at org.apache.catalina.core.StandardService.initInternal(StandardService.java:564)
	at org.apache.catalina.util.LifecycleBase.init(LifecycleBase.java:136)
	at org.apache.catalina.core.StandardServer.initInternal(StandardServer.java:850)
	at org.apache.catalina.util.LifecycleBase.init(LifecycleBase.java:136)
	at org.apache.catalina.util.LifecycleBase.start(LifecycleBase.java:173)
	at org.apache.catalina.startup.Tomcat.start(Tomcat.java:440)
	at org.sonar.server.app.EmbeddedTomcat.start(EmbeddedTomcat.java:72)
	... 4 common frames omitted
2022.05.27 12:10:15 INFO  web[][o.s.p.ProcessEntryPoint] Hard stopping process
